<?xml version="1.0" encoding="UTF-8"?>
<!-- Generated by org.testng.reporters.JUnitXMLReporter -->
<testsuite hostname="DESKTOP-7M67OUT" ignored="0" name="Default test" tests="4" failures="0" timestamp="2021-08-24T01:52:44 EET" time="8.24" errors="0">
  <testcase name="getAllPosts" time="3.841" classname="tests.FirstTest"/>
  <testcase name="getPostWithId" time="1.664" classname="tests.FirstTest"/>
  <testcase name="postRequest" time="1.832" classname="tests.FirstTest"/>
  <testcase name="postRequestwithemptybody" time="0.856" classname="tests.FirstTest"/>
</testsuite> <!-- Default test -->
